[main 539ca79] auto: 2026-03-15 00:00 snapshot
 8 files changed, 40 insertions(+), 2 deletions(-)
 create mode 100644 results/sentinel_20260314_23.jsonl
To github-artemis:targeted-phd/ARTEMIS.git
   b5c9339..539ca79  main -> main
[main ba1b8cf] auto: 2026-03-15 01:00 snapshot
 13 files changed, 37 insertions(+), 41866 deletions(-)
 create mode 100644 results/autopush.log.1.gz
 create mode 100644 results/sentinel_20260315_00.jsonl
 create mode 100644 results/sentinel_stderr.log.1.gz
 create mode 100644 results/sentinel_stdout.log.1.gz
To github-artemis:targeted-phd/ARTEMIS.git
   539ca79..ba1b8cf  main -> main
[main eb42469] auto: 2026-03-15 02:00 snapshot
 8 files changed, 51 insertions(+), 2 deletions(-)
 create mode 100644 results/sentinel_20260315_01.jsonl
To github-artemis:targeted-phd/ARTEMIS.git
   ba1b8cf..eb42469  main -> main
[main ca2e621] auto: 2026-03-15 13:00 snapshot
 14 files changed, 141469 insertions(+), 2 deletions(-)
 create mode 100644 docs/ORANGE_PI_4A_SETUP.md
 create mode 100644 docs/orange-pi-cm4-setup.md
 create mode 100644 results/sentinel_20260315_02.jsonl
 create mode 100644 results/sentinel_20260315_12.jsonl
 create mode 100644 results/sentinel_20260315_13.jsonl
To github-artemis:targeted-phd/ARTEMIS.git
   eb42469..ca2e621  main -> main
