Processing 4534 IQ files with 6 workers
Window: 1000 μs, Overlap: 50%
  200/4534 — 82500 rows
  400/4534 — 162300 rows
  600/4534 — 242100 rows
  800/4534 — 321900 rows
  1000/4534 — 401700 rows
  1200/4534 — 481500 rows
  1400/4534 — 561300 rows
  1600/4534 — 641100 rows
  1800/4534 — 720900 rows
  2000/4534 — 800700 rows
  2200/4534 — 880500 rows
  2400/4534 — 960300 rows
  2600/4534 — 1040100 rows
  2800/4534 — 1119900 rows
  3000/4534 — 1199700 rows
  3200/4534 — 1279500 rows
  3400/4534 — 1359300 rows
  3600/4534 — 1439100 rows
  3800/4534 — 1518900 rows
  4000/4534 — 1598700 rows
  4200/4534 — 1678500 rows
  4400/4534 — 1758300 rows

Total: 1811766 rows from 4534 files
Saved: results/hires/hires_dataset.parquet (60.6 MB)
Columns: ['file', 'freq_mhz', 'file_mtime', 'window', 'time_us', 'mean_power', 'peak_power', 'rms', 'kurtosis', 'n_pulses', 'mean_width_us', 'total_width_us', 'mean_ipi_us', 'prf_hz', 'inst_freq_mean', 'inst_freq_std', 'pulse_frac', 'zone']
Zone distribution:
zone
A        1706607
B          86982
UL         10374
other       7803

Row stats:
        kurtosis   n_pulses     prf_hz  inst_freq_std
count  1811766.0  1811766.0  1811766.0      1811766.0
mean        11.1        3.3    17893.5       657039.7
std         30.5       15.1    54952.3        48108.1
min          1.3        0.0        0.0       166871.0
25%          3.4        0.0        0.0       634839.6
50%          4.8        0.0        0.0       658446.2
75%          9.3        0.0        0.0       676475.4
max       1895.6      259.0   600000.0      1077286.1
