
============================================================
  TOPIC: 1_speech_zone_b
============================================================
  [1/72] microwave auditory effect speech encoding pulsed radiation h...
    [0.935] Auditory perception of radio frequency e
    [0.929] Auditory perception of radio frequency e
    [0.929] Auditory perception of radio frequency e
    [0.923] Auditory perception of radio frequency e
    [0.917] Auditory perception of radio frequency e
    [0.917] Hearing Microwaves: The Microwave Auditory Phenomenon
    [0.916] Auditory perception of radio frequency e
    [0.915] Auditory perception of radio frequency e
    [0.915] Auditory perception of radio frequency e
    [0.914] Auditory perception of radio frequency e
  [2/72] Frey effect speech intelligibility modulated microwave pulse...
    [0.898] Can the Microwave Auditory Effect Be “Weaponized”?
    [0.896] Auditory perception of radio frequency e
    [0.896] Thirty-fiveYears in Bioelectromagnetics Research
    [0.896] Can the Microwave Auditory Effect Be “Weaponized”?
    [0.894] Review of Audiovestibular Symptoms Following Exposure t
    [0.893] OFFICE OF THE DIRECTOR OF NATIONAL INTELLIGENCE
    [0.893] MIND-WEAPON-AnnaFubini
    [0.892] The Frey Effect of Microwave Sonic Weapons
  [3/72] 830 MHz pulsed microwave auditory perception thermoelastic e...
    [0.930] Auditory perception of radio frequency e
    [0.923] Auditory perception of radio frequency e
    [0.919] Auditory perception of radio frequency e
    [0.918] Auditory perception of radio frequency e
    [0.914] Auditory perception of radio frequency e
    [0.913] Auditory perception of radio frequency e
    [0.912] Hearing Microwaves: The Microwave Auditory Phenomenon
    [0.911] Auditory perception of radio frequency e
    [0.909] FIELD-INDUCED FORCES AT DIELECTRIC INTERFACES AS A POSS
  [4/72] voice to skull technology microwave hearing speech communica...
    [0.878] MIND-WEAPON-AnnaFubini
    [0.877] MIND-WEAPON-AnnaFubini
    [0.876] MIND-WEAPON-AnnaFubini
    [0.874] Hearing Microwaves: The Microwave Auditory Phenomenon
    [0.872] MIND-WEAPON-AnnaFubini
    [0.871] Pulsed Microwave Energy Transduction of Acoustic Phonon
    [0.868] Pulsed Microwave Energy Transduction of Acoustic Phonon
    [0.865] Effects of exposure of the ear to GSM microwaves: in vi
    [0.864] Effects of exposure of the ear to GSM microwaves: in vi
  -> 36 unique chunks

============================================================
  TOPIC: 2_tinnitus_zone_a
============================================================
  [5/72] tinnitus microwave RF exposure auditory perception ringing...
    [0.908] Tinnitus and cell phones: the role of electromagnetic r
    [0.908] Auditory perception of radio frequency e
    [0.903] Review of Audiovestibular Symptoms Following Exposure t
    [0.902] Auditory perception of radio frequency e
    [0.902] Auditory perception of radio frequency e
    [0.901] Auditory perception of radio frequency e
    [0.901] Tinnitus and cell phones: the role of electromagnetic r
    [0.900] Auditory response to pulsed radiofrequency energy
    [0.897] Auditory perception of radio frequency e
    [0.897] Hearing Microwaves: The Microwave Auditory Phenomenon
  [6/72] 600 MHz bioeffects frequency dependent auditory nervous syst...
    [0.892] Auditory response to pulsed radiofrequency energy
    [0.892] Human auditory system response to Modulated electromagn
    [0.889] Auditory response to pulsed radiofrequency energy
    [0.887] Auditory perception of radio frequency e
    [0.887] Auditory response to pulsed radiofrequency energy
    [0.886] Auditory perception of radio frequency e
    [0.886] Brain's Frequency Following Responses to Low-Frequency 
    [0.886] Auditory response to pulsed radiofrequency energy
    [0.885] Long-Term Effect of 900 MHz Radiofrequency Radiation Ex
    [0.885] Brain's Frequency Following Responses to Low-Frequency 
  [7/72] electromagnetic tinnitus chronic exposure cochlear auditory ...
    [0.889] Tinnitus and cell phones: the role of electromagnetic r
    [0.888] Review of Audiovestibular Symptoms Following Exposure t
    [0.888] Tinnitus and cell phones: the role of electromagnetic r
    [0.888] Tinnitus and cell phones: the role of electromagnetic r
    [0.886] Assessment of potential effects of the electromagnetic 
    [0.886] Tinnitus and cell phones: the role of electromagnetic r
    [0.885] Review of Audiovestibular Symptoms Following Exposure t
    [0.884] Tinnitus in Normal-Hearing Participants after Exposure 
    [0.884] Tinnitus and cell phones: the role of electromagnetic r
  [8/72] pulsed RF tinnitus perception mechanism frequency...
    [0.899] Auditory response to pulsed radiofrequency energy
    [0.897] Tinnitus in Normal-Hearing Participants after Exposure 
    [0.897] Auditory perception of radio frequency e
    [0.895] Auditory perception of radio frequency e
    [0.895] Tinnitus in Normal-Hearing Participants after Exposure 
  -> 34 unique chunks

============================================================
  TOPIC: 3_paresthesia_peripheral
============================================================
  [9/72] paresthesia RF exposure peripheral nerve stimulation electro...
    [0.886] Human auditory system response to Modulated electromagn
    [0.886] Assessment of Human Exposure to High Fre
    [0.881] BIOLOGICAL EFFECTS OF WEAK ELECTROMAGNETIC FIELDS FROM 
    [0.879] BIOLOGICAL EFFECTS OF WEAK ELECTROMAGNETIC FIELDS FROM 
    [0.877] Microwave Effects on the Nervous System
    [0.877] Thirty-fiveYears in Bioelectromagnetics Research
    [0.877] Microwave Effects on the Nervous System
    [0.877] Changes in human EEG caused by low level modulated micr
    [0.877] Microwave Effects on the Nervous System
    [0.876] BIOLOGICAL EFFECTS OF WEAK ELECTROMAGNETIC FIELDS FROM 
  [10/72] skin sensation tingling microwave radiation biological effec...
    [0.902] Non-Thermal Effect of Microwave Radiation on Human Brai
    [0.900] Microwave Effects on the Nervous System
    [0.900] Biological Implications of Microwave Electromagnetic Fi
    [0.898] Bioeffects of microwave--a brief review
    [0.898] Non-thermal influence of a weak microwave on nerve fibe
    [0.898] Microwave Effects on the Nervous System
    [0.898] Long-term and low-thermal biological effects of microwa
    [0.897] Bioeffects of microwave--a brief review
    [0.897] Microwave Effects on the Nervous System
  [11/72] peripheral nerve electromagnetic stimulation cutaneous sensa...
    [0.855] BIOLOGICAL EFFECTS OF WEAK ELECTROMAGNETIC FIELDS FROM 
    [0.854] BIOLOGICAL EFFECTS OF WEAK ELECTROMAGNETIC FIELDS FROM 
    [0.853] Tissue models for RF exposure evaluation at frequencies
    [0.853] OFFICE OF THE DIRECTOR OF NATIONAL INTELLIGENCE
    [0.851] Auditory perception of radio frequency e
  [12/72] RF induced paresthesia nerve conduction velocity extremities...
    [0.881] Auditory response to pulsed radiofrequency energy
    [0.876] DISTRIEBUTION STATEMENT A Approved for Public Release
    [0.875] Human auditory system response to Modulated electromagn
    [0.874] Auditory perception of radio frequency e
    [0.873] Auditory response to pulsed radiofrequency energy
    [0.873] High-resolution simulations of the thermophysiological 
    [0.872] Tissue models for RF exposure evaluation at frequencies
    [0.872] Auditory response to pulsed radiofrequency energy
  -> 33 unique chunks

============================================================
  TOPIC: 4_sleep_disruption
============================================================
  [13/72] sleep disruption microwave RF exposure circadian rhythm...
    [0.915] Microwave Effects on the Nervous System
    [0.913] Neurological effects of microwave exposure related to m
    [0.913] Neurological effects of microwave exposure related to m
    [0.912] Neurological effects of microwave exposure related to m
    [0.910] Microwave Effects on the Nervous System
    [0.909] Microwave Effects on the Nervous System
    [0.906] Microwave Effects on the Nervous System
    [0.906] Microwave Effects on the Nervous System
    [0.905] Selective changes in locomotor activity
    [0.904] Microwaves emitted by cellular telephones affect human 
  [14/72] melatonin suppression electromagnetic radiation sleep qualit...
    [0.894] Changes in human EEG caused by low level modulated micr
    [0.893] Radio Frequency (RF) Common Sources of RF Radiation 6
    [0.886] Electromagnetic Radiation Survival Guide
    [0.885] Microwave Effects on the Nervous System
    [0.881] Microwave Effects on the Nervous System
  [15/72] nocturnal RF exposure insomnia sleep architecture EEG...
    [0.893] Microwave Effects on the Nervous System
    [0.888] Microwaves emitted by cellular telephones affect human 
  [16/72] directed energy sleep interference biological rhythm disrupt...
    [0.867] Microwave Effects on the Nervous System
    [0.866] Microwave Effects on the Nervous System
    [0.865] Changes in human EEG caused by low level modulated micr
  -> 20 unique chunks

============================================================
  TOPIC: 5_headache_cumulative
============================================================
  [17/72] headache cumulative RF exposure dose response microwave...
    [0.902] After effect induced by microwave radiat
    [0.900] Recent advances in the effects of microwave radiation o
    [0.899] Sensitivity of the Brain to Microwave Radiation
    [0.898] Adaptation of Human Brain Bioelectrical Activity to Low
    [0.898] Changes in human EEG caused by low level modulated micr
    [0.897] After effect induced by microwave radiat
    [0.897] Effect of modulated microwave radiation on electroencep
    [0.896] Non-Thermal Effect of Microwave Radiation on Human Brai
    [0.896] Microwave Effects on the Nervous System
    [0.895] Modulated microwave effects on individuals with depress
  [18/72] chronic microwave syndrome headache occupational exposure...
    [0.901] The microwave syndrome or electro-hypersensitivity: his
    [0.899] The microwave syndrome or electro-hypersensitivity: his
    [0.894] The microwave syndrome or electro-hypersensitivity: his
    [0.893] The microwave syndrome or electro-hypersensitivity: his
    [0.892] Recent advances in the effects of microwave radiation o
    [0.889] The microwave syndrome or electro-hypersensitivity: his
    [0.889] The microwave syndrome or electro-hypersensitivity: his
    [0.889] The microwave syndrome or electro-hypersensitivity: his
    [0.886] Microwave Effects on the Nervous System
  [19/72] thermal dose RF headache power density duration...
    [0.890] Thermal Analysis of Averaging Times in Radio-Frequency 
    [0.887] Numerical Dosimetry Schemes for the Simu
    [0.886] Human Exposure to Radiofrequency Energy above 6 GHz: Re
    [0.884] Determination of Power Absorption in Man Exposed to Hig
    [0.883] Human Exposure to Radiofrequency Energy above 6 GHz: Re
    [0.883] High-resolution simulations of the thermophysiological 
    [0.883] Thermal Analysis of Averaging Times in Radio-Frequency 
    [0.882] High-resolution simulations of the thermophysiological 
    [0.881] High-resolution simulations of the thermophysiological 
    [0.879] Temperature elevation in the human brain and skin with 
  [20/72] radiofrequency headache mechanism intracranial pressure vaso...
  -> 37 unique chunks

============================================================
  TOPIC: 6_pressure_nocturnal
============================================================
  [21/72] intracranial pressure microwave RF exposure head pressure...
    [0.894] Can the Microwave Auditory Effect Be “Weaponized”?
    [0.894] Changes in human EEG caused by low level modulated micr
    [0.893] Non-Thermal Effect of Microwave Radiation on Human Brai
    [0.892] FDTD analysis of microwave hearing effec
    [0.890] After effect induced by microwave radiat
    [0.890] Can the Microwave Auditory Effect Be “Weaponized”?
    [0.890] Sensitivity of the Brain to Microwave Radiation
    [0.888] Modulated microwave effects on individuals with depress
    [0.887] Modulated microwave effects on individuals with depress
    [0.887] Adaptation of Human Brain Bioelectrical Activity to Low
  [22/72] nocturnal symptoms electromagnetic exposure nighttime...
    [0.889] Microwave Effects on the Nervous System
    [0.888] Radio Frequency (RF) Common Sources of RF Radiation 6
    [0.887] Microwave Effects on the Nervous System
    [0.884] Changes in human EEG caused by low level modulated micr
    [0.882] Radio Frequency (RF) Common Sources of RF Radiation 6
    [0.882] Microwave Effects on the Nervous System
    [0.882] Electromagnetic Radiation Survival Guide
    [0.882] Radio Frequency (RF) Common Sources of RF Radiation 6
    [0.881] Microwave Effects on the Nervous System
    [0.880] Electromagnetic Radiation Survival Guide
  [23/72] head pressure pulsed microwave thermoelastic mechanism...
    [0.897] Microwave thermoelastic tissue imaging S
    [0.894] Auditory perception of radio frequency e
    [0.892] FDTD analysis of microwave hearing effec
    [0.888] Auditory perception of radio frequency e
    [0.887] FDTD analysis of microwave hearing effec
    [0.887] Microwave thermoelastic tissue imaging S
    [0.886] Pulsed Microwave Energy Transduction of Acoustic Phonon
    [0.886] Hearing Microwaves: The Microwave Auditory Phenomenon
    [0.885] FDTD analysis of microwave hearing effec
    [0.883] FDTD analysis of microwave hearing effec
  [24/72] cranial pressure RF radiation biological effect...
    [0.909] Auditory response to pulsed radiofrequency energy
    [0.895] Review of Audiovestibular Symptoms Following Exposure t
    [0.890] Auditory response to pulsed radiofrequency energy
    [0.885] Determination of Power Absorption in Man Exposed to Hig
    [0.884] Microwave Effects on the Nervous System
    [0.884] Effects of Radiofrequency Electromagnetic Radiation on 
    [0.884] Dosimetric Quantity System for Electromagnetic Fields B
    [0.884] Microwave Effects on the Nervous System
    [0.884] Review of Audiovestibular Symptoms Following Exposure t
    [0.883] Biological Implications of Microwave Electromagnetic Fi
  -> 40 unique chunks

============================================================
  TOPIC: 7_uplink_band_anomaly
============================================================
  [25/72] cellular uplink band 824 849 MHz surveillance concealment...
  [26/72] spread spectrum signal disguise cellular frequency allocatio...
  [27/72] anomalous RF signal cellular band unauthorized transmission...
    [0.856] TEMPEST-AND-ECHELON
  [28/72] 800 MHz band signal concealment detection technique...
    [0.853] Detection and Avoidance Scheme for DS-UWB System: A Ste
    [0.852] Detection of UWB signal using dirty template approach
    [0.851] Detection and Avoidance Scheme for DS-UWB System: A Ste
  -> 29 unique chunks

============================================================
  TOPIC: 8_frequency_hopping
============================================================
  [29/72] frequency hopping spread spectrum electronic warfare agile...
  [30/72] adaptive frequency targeting directed energy weapon...
    [0.854] MIND-WEAPON-AnnaFubini
    [0.853] MIND-WEAPON-AnnaFubini
  [31/72] frequency agile signal detection characterization...
    [0.861] A New Physically Motivated Clutter Model With Applicati
    [0.860] Narrowband Interference Resilient Receiver Design for U
    [0.859] Detection and Avoidance Scheme for DS-UWB System: A Ste
    [0.858] A New Physically Motivated Clutter Model With Applicati
    [0.857] A New Physically Motivated Clutter Model With Applicati
    [0.855] Detection of UWB signal using dirty template approach
    [0.854] A New Physically Motivated Clutter Model With Applicati
    [0.851] LOS/NLOS Detection for UWB Signals: A Comparative Study
  [32/72] hopping pattern analysis electronic countermeasure...
  -> 36 unique chunks

============================================================
  TOPIC: 9_dual_band
============================================================
  [33/72] multi frequency directed energy dual band exposure bioeffect...
    [0.895] Effects of frequency permittivity and vo
    [0.886] Modelling and Simulation of the Electric
    [0.880] BIOLOGICAL EFFECTS OF WEAK ELECTROMAGNETIC FIELDS FROM 
    [0.878] Tissue models for RF exposure evaluation at frequencies
    [0.878] Energy Deposition Processes in Biological Tissue: Nonth
    [0.877] BIOLOGICAL EFFECTS OF WEAK ELECTROMAGNETIC FIELDS FROM 
    [0.877] Human Exposure to Radiofrequency Energy above 6 GHz: Re
    [0.877] Analysis of the Interaction Effects of E
    [0.876] Electromagnetic Absorption in an lnhomogeneous Model of
    [0.876] Human Exposure to Radiofrequency Energy above 6 GHz: Re
  [34/72] frequency specific biological effects RF multiple frequencie...
    [0.895] BIOLOGICAL EFFECTS OF WEAK ELECTROMAGNETIC FIELDS FROM 
    [0.894] BIOLOGICAL EFFECTS OF WEAK ELECTROMAGNETIC FIELDS FROM 
    [0.893] Recent advances in the effects of microwave radiation o
    [0.893] BIOLOGICAL EFFECTS OF WEAK ELECTROMAGNETIC FIELDS FROM 
    [0.893] BIOLOGICAL EFFECTS OF WEAK ELECTROMAGNETIC FIELDS FROM 
    [0.890] Bioeffects of microwave--a brief review
    [0.889] BIOLOGICAL EFFECTS OF WEAK ELECTROMAGNETIC FIELDS FROM 
  [35/72] simultaneous multi band RF exposure health effects...
    [0.893] Human Exposure to Radiofrequency Energy above 6 GHz: Re
    [0.893] Human Exposure to Radiofrequency Energy above 6 GHz: Re
    [0.891] Occupational Safety: Effects of Workplace Radiofrequenc
    [0.890] Prenatal Exposure to Non-ionizing Radiation: Effects of
    [0.889] Review of Audiovestibular Symptoms Following Exposure t
    [0.889] Prenatal Exposure to Non-ionizing Radiation: Effects of
    [0.889] Review of Audiovestibular Symptoms Following Exposure t
    [0.886] Prenatal Exposure to Non-ionizing Radiation: Effects of
    [0.886] Occupational Safety: Effects of Workplace Radiofrequenc
    [0.885] Occupational Safety: Effects of Workplace Radiofrequenc
  [36/72] dual frequency microwave interaction tissue biological...
    [0.916] BioMedical Engineering OnLine
    [0.908] Study of Dielectric Properties of Biological Tissues in
    [0.904] Study of Dielectric Properties of Biological Tissues in
    [0.899] Study of Dielectric Properties of Biological Tissues in
    [0.898] Study of Dielectric Properties of Biological Tissues in
    [0.897] Microwave power penetration enhancement inside an inhom
    [0.897] Effects of the Surroundings on Electromagnetic-Power Ab
    [0.896] Study of Dielectric Properties of Biological Tissues in
    [0.896] CRANFIELD UNIVERSITY
    [0.893] CRANFIELD UNIVERSITY
  -> 37 unique chunks

============================================================
  TOPIC: 10_pulse_width
============================================================
  [37/72] pulse width microsecond microwave biological effect tissue a...
    [0.905] Investigation into the microwave power absorption in ti
    [0.900] Modeling microwave electromagnetic field absorption in 
    [0.899] Effects of the Surroundings on Electromagnetic-Power Ab
    [0.898] Dosimetry of Various Human Bodies Exposed to Microwave 
    [0.897] Investigation into the microwave power absorption in ti
    [0.897] BioMedical Engineering OnLine
    [0.896] Effects of the Surroundings on Electromagnetic-Power Ab
    [0.893] Effects of frequency permittivity and vo
    [0.893] THERMAL RESPONSE OF TISSUES TO MILLIMETER WAVES: IMPLIC
    [0.893] Thermal Analysis of Averaging Times in Radio-Frequency 
  [38/72] short pulse RF biological response pulse duration threshold...
    [0.894] Auditory response to pulsed radiofrequency energy
    [0.889] Auditory response to pulsed radiofrequency energy
    [0.879] Thermal Analysis of Averaging Times in Radio-Frequency 
    [0.879] Auditory response to pulsed radiofrequency energy
    [0.874] Auditory response to pulsed radiofrequency energy
    [0.872] Auditory perception of radio frequency e
    [0.871] Auditory response to pulsed radiofrequency energy
    [0.870] Auditory response to pulsed radiofrequency energy
    [0.870] Bioelectromagnetics zyx 6:323-326 (1 985) zy Brief Comm
    [0.870] Auditory response to pulsed radiofrequency energy
  [39/72] pulse repetition frequency PRF biological effect microwave...
    [0.882] Microwave-induced auditory responses in guinea pigs: Re
    [0.882] 172 zyxwvutsrqponml IEEE zyxwvutsrqp
    [0.882] Study of Dielectric Properties of Biological Tissues in
    [0.882] BIOLOGICAL EFFECTS OF WEAK ELECTROMAGNETIC FIELDS FROM 
    [0.881] Modelling and Simulation of the Electric
    [0.881] Microwave-induced auditory responses in guinea pigs: Re
    [0.879] Frequency Dependent Attenuation of EM Radiation on Biol
    [0.879] Human Exposure to Radiofrequency Energy above 6 GHz: Re
  [40/72] ultrashort pulse microwave thermoelastic tissue response...
    [0.921] Microwave thermoelastic tissue imaging S
    [0.915] Microwave thermoelastic tissue imaging S
    [0.909] Microwave thermoelastic tissue imaging S
    [0.900] FDTD analysis of microwave hearing effec
    [0.897] Microwave thermoelastic tissue imaging S
    [0.896] Auditory perception of radio frequency e
    [0.891] SIMULATION OF MICROWAVE INDUCED THERMO-ACOUSTICAL IMAGI
    [0.887] FDTD analysis of microwave hearing effec
    [0.887] FDTD analysis of microwave hearing effec
    [0.886] FDTD analysis of microwave hearing effec
  -> 38 unique chunks

============================================================
  TOPIC: 11_diurnal_pattern
============================================================
  [41/72] nocturnal electromagnetic exposure pattern nighttime targeti...
    [0.866] STATISTICAL MULTIPATH EXPOSURE OF A HUMAN IN A REALISTI
    [0.863] STATISTICAL MULTIPATH EXPOSURE OF A HUMAN IN A REALISTI
    [0.863] Microwave Effects on the Nervous System
    [0.863] STATISTICAL MULTIPATH EXPOSURE OF A HUMAN IN A REALISTI
    [0.861] Theoretical and numerical evaluations of
    [0.860] STATISTICAL MULTIPATH EXPOSURE OF A HUMAN IN A REALISTI
    [0.860] Microwave Effects on the Nervous System
    [0.858] Theoretical and numerical evaluations of
    [0.858] Electromagnetic Absorption in an lnhomogeneous Model of
    [0.858] Theoretical and numerical evaluations of
  [42/72] diurnal RF exposure variation sleep time monitoring surveill...
    [0.882] Radio Frequency (RF) Common Sources of RF Radiation 6
    [0.881] Microwave Effects on the Nervous System
    [0.880] Neurological effects of microwave exposure related to m
    [0.877] Microwaves emitted by cellular telephones affect human 
    [0.877] Neurological effects of microwave exposure related to m
    [0.876] Neurological effects of microwave exposure related to m
    [0.876] Microwave Effects on the Nervous System
    [0.876] Microwave Effects on the Nervous System
  [43/72] nighttime directed energy activation pattern operational...
    [0.860] MIND-WEAPON-AnnaFubini
    [0.858] Microwave Effects on the Nervous System
    [0.857] Changes in human EEG caused by low level modulated micr
    [0.857] MIND-WEAPON-AnnaFubini
    [0.853] MIND-WEAPON-AnnaFubini
    [0.851] MIND-WEAPON-AnnaFubini
  [44/72] circadian vulnerability electromagnetic radiation exposure t...
    [0.883] Effect of modulated microwave radiation on electroencep
    [0.882] Recent advances in the effects of microwave radiation o
    [0.881] BIOLOGICAL EFFECTS OF WEAK ELECTROMAGNETIC FIELDS FROM 
    [0.880] Effect of modulated microwave radiation on electroencep
    [0.879] Adaptation of Human Brain Bioelectrical Activity to Low
  -> 31 unique chunks

============================================================
  TOPIC: 12_body_resonance
============================================================
  [45/72] body resonance frequency RF antenna human limb absorption...
    [0.903] Assessment of Human Exposure to High Fre
    [0.900] Empirical and theoretical dosimetry in s
    [0.900] Biological Implications of Microwave Electromagnetic Fi
    [0.896] Theoretical and numerical evaluations of
    [0.895] Tissue models for RF exposure evaluation at frequencies
    [0.895] Electromagnetic Absorption in an lnhomogeneous Model of
    [0.895] Specific absorption rate and temperature elevation in a
    [0.895] Setup and dosimetry for exposure of human skin in vivo 
    [0.894] Deposition of electromagnetic energy in
    [0.894] Effects of Electromagnetic Radiation on Living Beings
  [46/72] half wave dipole resonance 830 MHz forearm biological antenn...
    [0.885] Setup and dosimetry for exposure of human skin in vivo 
    [0.884] 172 zyxwvutsrqponml IEEE zyxwvutsrqp
    [0.882] Setup and dosimetry for exposure of human skin in vivo 
    [0.880] Tissue models for RF exposure evaluation at frequencies
    [0.878] CRANFIELD UNIVERSITY
    [0.876] Modelling and Simulation of the Electric
    [0.875] BIOLOGICAL EFFECTS OF WEAK ELECTROMAGNETIC FIELDS FROM 
    [0.875] Theoretical and numerical evaluations of
    [0.875] Setup and dosimetry for exposure of human skin in vivo 
  [47/72] specific absorption rate SAR body part frequency dependent...
    [0.915] Investigation on The Specific Absorption
    [0.914] Specific absorption rate and temperature elevation in a
    [0.912] Electromagnetic Absorption in an lnhomogeneous Model of
    [0.911] Electromagnetic Absorption in an lnhomogeneous Model of
    [0.911] Electromagnetic Absorption in an lnhomogeneous Model of
    [0.910] Specific absorption rate and temperature elevation in a
    [0.908] Empirical and theoretical dosimetry in s
    [0.907] Specific absorption rate and temperature elevation in a
    [0.905] Theoretical and numerical evaluations of
  [48/72] limb resonance electromagnetic field coupling tissue...
    [0.889] Frequency Dependent Attenuation of EM Radiation on Biol
    [0.888] Effects of the Surroundings on Electromagnetic-Power Ab
    [0.887] Effects of the Surroundings on Electromagnetic-Power Ab
    [0.885] Assessment of Human Exposure to High Fre
    [0.884] BioMedical Engineering OnLine
    [0.883] BIOLOGICAL EFFECTS OF WEAK ELECTROMAGNETIC FIELDS FROM 
    [0.883] Heating of Tissue by Near-Field Exposure to a Dipole: A
  -> 35 unique chunks

============================================================
  TOPIC: 13_detection_methods
============================================================
  [49/72] RF signal detection measurement technique spectrum analysis ...
    [0.887] Detection and Avoidance Scheme for DS-UWB System: A Ste
    [0.878] Detection and Avoidance Scheme for DS-UWB System: A Ste
    [0.872] Detection and Avoidance Scheme for DS-UWB System: A Ste
    [0.871] Detection and Avoidance Scheme for DS-UWB System: A Ste
    [0.864] Detection of UWB signal using dirty template approach
    [0.863] Detection and Avoidance Scheme for DS-UWB System: A Ste
    [0.863] Detection of UWB signal using dirty template approach
    [0.862] Detection and Avoidance Scheme for DS-UWB System: A Ste
    [0.861] Detection and Avoidance Scheme for DS-UWB System: A Ste
    [0.860] Detection and Avoidance Scheme for DS-UWB System: A Ste
  [50/72] pulsed microwave detection kurtosis statistical anomaly meth...
    [0.875] Detection of UWB signal using dirty template approach
    [0.871] A new parameter for UWB indoor channel profile identifi
    [0.869] NLOS Identification and Weighted Least-Squares Localiza
    [0.868] Detection of UWB signal using dirty template approach
    [0.866] A new parameter for UWB indoor channel profile identifi
    [0.865] NLOS Identification and Weighted Least-Squares Localiza
    [0.864] NLOS Identification and Weighted Least-Squares Localiza
    [0.864] A new parameter for UWB indoor channel profile identifi
    [0.862] A new parameter for UWB indoor channel profile identifi
    [0.861] A SUBSPACE SIGNAL PROCESSING TECHNIQUE FOR CONCEALED WE
  [51/72] directed energy weapon detection identification countermeasu...
    [0.865] Imaging for concealed weapon detection a
    [0.865] Nonlinear Acoustic Concealed Weapons Det
    [0.864] Imaging for concealed weapon detection a
    [0.863] Nonlinear Acoustic Concealed Weapons Det
    [0.861] A SUBSPACE SIGNAL PROCESSING TECHNIQUE FOR CONCEALED WE
    [0.859] A SUBSPACE SIGNAL PROCESSING TECHNIQUE FOR CONCEALED WE
    [0.859] A SUBSPACE SIGNAL PROCESSING TECHNIQUE FOR CONCEALED WE
    [0.857] Nonlinear Acoustic Concealed Weapons Det
    [0.856] A SUBSPACE SIGNAL PROCESSING TECHNIQUE FOR CONCEALED WE
    [0.856] Imaging for concealed weapon detection a
  [52/72] electromagnetic surveillance detection technical sweep equip...
    [0.869] Public Security Screening for Metallic Objects with Mil
    [0.865] THE EARLY MIND WARS
    [0.864] Weapon and Metal detection
    [0.864] Public Security Screening for Metallic Objects with Mil
    [0.864] Public Security Screening for Metallic Objects with Mil
    [0.861] Public Security Screening for Metallic Objects with Mil
    [0.860] A SUBSPACE SIGNAL PROCESSING TECHNIQUE FOR CONCEALED WE
    [0.859] Public Security Screening for Metallic Objects with Mil
  -> 38 unique chunks

============================================================
  TOPIC: 14_legal_regulatory
============================================================
  [53/72] RF harassment legal framework regulatory protection electrom...
    [0.868] Radio Frequency (RF) Common Sources of RF Radiation 6
    [0.868] Electromagnetic Radiation Survival Guide
    [0.864] Dosimetric Quantity System for Electromagnetic Fields B
    [0.863] Radio Frequency (RF) Common Sources of RF Radiation 6
    [0.861] Analysis of the Interaction Effects of E
    [0.859] Electromagnetic Radiations
    [0.858] Electromagnetic Radiations
    [0.858] Radio Frequency (RF) Common Sources of RF Radiation 6
    [0.857] Theoretical and numerical evaluations of
    [0.857] Human Exposure to Radiofrequency Energy above 6 GHz: Re
  [54/72] FCC complaint unauthorized RF transmission enforcement...
  [55/72] electromagnetic weapon regulation international law prohibit...
  [56/72] RF exposure limits safety standards protection guidelines...
    [0.907] Specific absorption rate and temperature elevation in a
    [0.901] Dosimetric Estimates in Biological Tissu
    [0.899] Radio Frequency (RF) Common Sources of RF Radiation 6
    [0.897] Theoretical and numerical evaluations of
    [0.892] Radio Frequency (RF) Common Sources of RF Radiation 6
    [0.892] Tissue models for RF exposure evaluation at frequencies
    [0.892] Human Exposure to Radiofrequency Energy above 6 GHz: Re
    [0.892] Dosimetric Estimates in Biological Tissu
  -> 38 unique chunks

============================================================
  TOPIC: 15_prior_cases
============================================================
  [57/72] anomalous health incidents Havana syndrome embassy directed ...
    [0.917] Havana Syndrome: A Scientific Review of an Unresolved M
    [0.916] Anomalous Health Incidents of the Havana
    [0.916] Anomalous Health Incidents of the Havana
    [0.914] Havana Syndrome: A Scientific Review of an Unresolved M
    [0.913] Havana Syndrome: A Scientific Review of an Unresolved M
    [0.910] Anomalous Health Incidents of the Havana
    [0.908] Directed Energy Weapons Research Becomes
    [0.908] Helping Physicians to Understand "Havana Syndrome" and 
    [0.903] Helping Physicians to Understand "Havana Syndrome" and 
    [0.903] Havana Syndrome: A Scientific Review of an Unresolved M
  [58/72] documented cases RF exposure health effects occupational mil...
    [0.915] Recent advances in the effects of microwave radiation o
    [0.895] An In Situ and In Silico Evaluation of B
    [0.895] The microwave syndrome or electro-hypersensitivity: his
    [0.892] Occupational Safety: Effects of Workplace Radiofrequenc
    [0.892] Occupational Safety: Effects of Workplace Radiofrequenc
    [0.891] The microwave syndrome or electro-hypersensitivity: his
    [0.890] The microwave syndrome or electro-hypersensitivity: his
    [0.889] Recent advances in the effects of microwave radiation o
    [0.888] Thirty-fiveYears in Bioelectromagnetics Research
    [0.887] Review of Audiovestibular Symptoms Following Exposure t
  [59/72] microwave weapon deployment documented incident report...
    [0.887] Envisioning Sustainable Security The Evo
    [0.879] Electronic Harassment by David Morrison
    [0.879] McKinney Microwave Harassment and Mind C
    [0.877] Envisioning Sustainable Security The Evo
    [0.877] Technologies of information and psychological influence
    [0.875] McKinney Microwave Harassment and Mind C
    [0.875] Directed Energy Weapons Research Becomes
    [0.874] Directed Energy Weapons Research Becomes
    [0.873] Electronic Harassment by David Morrison
    [0.873] McKinney Microwave Harassment and Mind C
  [60/72] electromagnetic attack case study evidence investigation...
    [0.865] TEMPEST-AND-ECHELON
    [0.860] MIND-WEAPON-AnnaFubini
    [0.856] Chapter 1-INTRODUCTION to How Antennas Radiate and Targ
    [0.854] America's Achilles Heel: Defense Against High-Altitude 
    [0.853] MIND-WEAPON-AnnaFubini
    [0.852] America's Achilles Heel: Defense Against High-Altitude 
    [0.851] McKinney Microwave Harassment and Mind C
    [0.851] America's Achilles Heel: Defense Against High-Altitude 
    [0.850] America's Achilles Heel: Defense Against High-Altitude 
  -> 40 unique chunks

============================================================
  TOPIC: 16_power_thresholds
============================================================
  [61/72] power density threshold biological effect symptom onset micr...
    [0.902] Determination of Power Absorption in Man Exposed to Hig
    [0.899] Modulated microwave effects on individuals with depress
    [0.899] Changes in human EEG caused by low level modulated micr
    [0.898] Modulated microwave effects on individuals with depress
    [0.897] Long-term and low-thermal biological effects of microwa
    [0.896] Recent advances in the effects of microwave radiation o
    [0.894] After effect induced by microwave radiat
    [0.894] Neurological effects of microwave exposure related to m
    [0.893] Effects of frequency permittivity and vo
    [0.893] Modulated microwave effects on individuals with depress
  [62/72] SAR specific absorption rate threshold health effect frequen...
    [0.904] Specific absorption rate and temperature elevation in a
    [0.903] Specific absorption rate and temperature elevation in a
    [0.901] Specific absorption rate and temperature elevation in a
    [0.900] Investigation on The Specific Absorption
    [0.899] Electromagnetic Absorption in an lnhomogeneous Model of
    [0.897] Electromagnetic Absorption in an lnhomogeneous Model of
    [0.897] Electromagnetic Absorption in an lnhomogeneous Model of
    [0.895] Electromagnetic Absorption in an lnhomogeneous Model of
    [0.895] Empirical and theoretical dosimetry in s
    [0.894] Methods of health risk assessment for human exposure to
  [63/72] minimum power microwave auditory effect Frey threshold...
    [0.909] Auditory perception of radio frequency e
    [0.902] Auditory perception of radio frequency e
    [0.894] Auditory perception of radio frequency e
    [0.892] Auditory perception of radio frequency e
    [0.889] Auditory perception of radio frequency e
    [0.888] Auditory perception of radio frequency e
    [0.888] Review of Audiovestibular Symptoms Following Exposure t
    [0.888] Can the Microwave Auditory Effect Be “Weaponized”?
    [0.887] Auditory perception of radio frequency e
    [0.887] Auditory perception of radio frequency e
  [64/72] RF exposure level symptom correlation dose power density...
    [0.892] Human Exposure to Radiofrequency Energy above 6 GHz: Re
    [0.892] Human Exposure to Radiofrequency Energy above 6 GHz: Re
    [0.889] Empirical and theoretical dosimetry in s
    [0.888] Human Exposure to Radiofrequency Energy above 6 GHz: Re
    [0.887] Human Exposure to Radiofrequency Energy above 6 GHz: Re
    [0.887] Human Exposure to Radiofrequency Energy above 6 GHz: Re
    [0.886] Human Exposure to Radiofrequency Energy above 6 GHz: Re
    [0.884] Human Exposure to Radiofrequency Energy above 6 GHz: Re
    [0.884] Empirical and theoretical dosimetry in s
    [0.883] High-resolution simulations of the thermophysiological 
  -> 40 unique chunks

============================================================
  TOPIC: 17_concealment_techniques
============================================================
  [65/72] spread spectrum concealment technique RF signal hiding...
    [0.852] Detection and Avoidance Scheme for DS-UWB System: A Ste
  [66/72] silent sound spread spectrum SSSS covert communication...
    [0.851] THE EARLY MIND WARS
  [67/72] low probability intercept signal design surveillance...
    [0.859] Detection of UWB signal using dirty template approach
    [0.856] A New Physically Motivated Clutter Model With Applicati
    [0.851] A SUBSPACE SIGNAL PROCESSING TECHNIQUE FOR CONCEALED WE
    [0.850] Public Security Screening for Metallic Objects with Mil
    [0.850] Public Security Screening for Metallic Objects with Mil
  [68/72] signal masking cellular band concealment technique...
  -> 34 unique chunks

============================================================
  TOPIC: 18_ew_characteristics
============================================================
  [69/72] electronic warfare signal characteristics modulation pattern...
    [0.867] TEMPEST-AND-ECHELON
    [0.862] TEMPEST-AND-ECHELON
    [0.860] Detection of UWB signal using dirty template approach
    [0.860] Acoustic Technology for Landmine Detecti
    [0.858] TEMPEST-AND-ECHELON
    [0.856] A New Physically Motivated Clutter Model With Applicati
    [0.856] A New Physically Motivated Clutter Model With Applicati
    [0.850] Detection and Avoidance Scheme for DS-UWB System: A Ste
  [70/72] directed energy weapon waveform pulse structure signature...
    [0.861] Nonlinear Acoustic Concealed Weapons Det
    [0.856] Nonlinear Acoustic Concealed Weapons Det
    [0.853] Nonlinear Acoustic Concealed Weapons Det
    [0.852] Chapter 1-INTRODUCTION to How Antennas Radiate and Targ
  [71/72] military RF weapon signal parameters frequency power...
    [0.868] A SUBSPACE SIGNAL PROCESSING TECHNIQUE FOR CONCEALED WE
    [0.866] RADIO-FREQUENCY AND MICROWAVE COMMUNICATION CIRCUITS RA
    [0.862] The reduction of gunshot noise and audit
    [0.862] Propagation Engineering in Wireless Communications
    [0.858] RADIO-FREQUENCY AND MICROWAVE COMMUNICATION CIRCUITS RA
    [0.858] RADIO-FREQUENCY AND MICROWAVE COMMUNICATION CIRCUITS RA
    [0.858] The MITRE Corporation JASON Program Office JSR-03-520 7
    [0.857] Theoretical and numerical evaluations of
  [72/72] non lethal weapon microwave signal specification operational...
    [0.892] 29 th NATIONAL RADIO SCIENCE CONFERENCE (NRSC 2012)
    [0.891] Nonlethal Weapons Terms and References
    [0.889] MIND-WEAPON-AnnaFubini
    [0.889] MIND-WEAPON-AnnaFubini
    [0.884] Envisioning Sustainable Security The Evo
    [0.882] Nonlethal Weapons Terms and References
    [0.878] Technologies of information and psychological influence
    [0.878] MIND-WEAPON-AnnaFubini
    [0.877] A SUBSPACE SIGNAL PROCESSING TECHNIQUE FOR CONCEALED WE
  -> 36 unique chunks

============================================================
  KG DEEP DIVE COMPLETE
  632 unique chunks across 18 topics
  Saved to results/ml_v2/kg_deep_dive.json
============================================================
