Loading data...
Joined 2570 IQ files to timeline rows
Feature matrix: 2570 samples × 37 features

============================================================
  HEADACHE (n+=9, n-=2561, total=2570)
============================================================

  Top pulse features correlated with headache severity:
    tl_n_active_targets                 rho=+0.122  p=5.21e-10 ***
    tl_total_pulses                     rho=+0.102  p=2.01e-07 ***
    tl_ei_total                         rho=+0.102  p=2.01e-07 ***
    tl_ei_zone_b                        rho=+0.095  p=1.44e-06 ***
    tl_max_kurt                         rho=+0.081  p=4.19e-05 ***
    burst_prf_mean_hz                   rho=-0.077  p=8.64e-05 ***
    burst_n_pulses_mean                 rho=-0.073  p=2.03e-04 ***
    ipi_median_us                       rho=+0.071  p=3.15e-04 ***
    prf_hz                              rho=-0.071  p=3.15e-04 ***
    ipi_mean_us                         rho=+0.063  p=1.46e-03 **

  RF AUC (5-fold): 1.000 ± 0.000

  Top RF feature importances:
    tl_ei_zone_a                        importance=0.179
    tl_max_kurt_zone_a                  importance=0.166
    tl_total_pulses                     importance=0.146
    tl_n_active_targets                 importance=0.146
    tl_ei_total                         importance=0.126
    prf_hz                              importance=0.025
    pulse_width_std_us                  importance=0.022
    ipi_median_us                       importance=0.022
    pulse_energy_mean                   importance=0.021
    pulse_width_mean_us                 importance=0.018

  nausea: skipping (n+=0, n-=2570)

============================================================
  PARESTHESIA (n+=575, n-=1995, total=2570)
============================================================

  Top pulse features correlated with paresthesia severity:
    tl_ei_zone_b                        rho=-0.348  p=3.58e-74 ***
    tl_max_kurt                         rho=-0.329  p=3.97e-66 ***
    tl_max_kurt_zone_b                  rho=-0.329  p=7.83e-66 ***
    pulse_energy_mean                   rho=-0.272  p=6.54e-45 ***
    pulse_snr_mean_db                   rho=-0.272  p=1.11e-44 ***
    pulse_snr_max_db                    rho=-0.261  p=3.10e-41 ***
    tl_total_pulses                     rho=-0.240  p=7.10e-35 ***
    tl_ei_total                         rho=-0.237  p=3.22e-34 ***
    tl_n_active_targets                 rho=-0.229  p=7.43e-32 ***
    pulse_energy_total                  rho=-0.208  p=1.58e-26 ***

  RF AUC (5-fold): 0.961 ± 0.005

  Top RF feature importances:
    tl_ei_zone_b                        importance=0.239
    tl_max_kurt_zone_b                  importance=0.168
    tl_max_kurt                         importance=0.145
    tl_ei_total                         importance=0.114
    tl_total_pulses                     importance=0.107
    tl_n_active_targets                 importance=0.040
    pulse_energy_mean                   importance=0.030
    pulse_snr_mean_db                   importance=0.022
    pulse_snr_max_db                    importance=0.019
    pulse_energy_total                  importance=0.010

  Severity regression R² (on positive samples): 0.992

  pressure: skipping (n+=1, n-=2569)

============================================================
  SLEEP (n+=208, n-=2362, total=2570)
============================================================

  Top pulse features correlated with sleep severity:
    tl_n_active_targets                 rho=-0.314  p=5.92e-60 ***
    tl_total_pulses                     rho=-0.103  p=1.56e-07 ***
    tl_ei_total                         rho=-0.102  p=2.32e-07 ***
    tl_ei_zone_b                        rho=+0.081  p=3.65e-05 ***
    noise_mean                          rho=+0.065  p=9.79e-04 ***
    pulse_energy_total                  rho=+0.065  p=1.01e-03 **
    noise_std                           rho=+0.065  p=1.06e-03 **
    duty_cycle                          rho=+0.060  p=2.53e-03 **
    total_pulse_duration_us             rho=+0.057  p=3.77e-03 **
    pulse_energy_mean                   rho=+0.053  p=7.52e-03 **

  RF AUC (5-fold): 0.997 ± 0.003

  Top RF feature importances:
    tl_n_active_targets                 importance=0.153
    tl_ei_zone_b                        importance=0.137
    tl_max_kurt_zone_b                  importance=0.137
    tl_total_pulses                     importance=0.133
    tl_max_kurt                         importance=0.125
    tl_ei_total                         importance=0.113
    pulse_snr_max_db                    importance=0.013
    pulse_energy_mean                   importance=0.012
    pulse_snr_mean_db                   importance=0.011
    pulse_energy_total                  importance=0.011

  Severity regression R² (on positive samples): 1.000

============================================================
  SPEECH (n+=9, n-=2561, total=2570)
============================================================

  Top pulse features correlated with speech severity:
    tl_n_active_targets                 rho=+0.122  p=5.21e-10 ***
    tl_total_pulses                     rho=+0.102  p=2.01e-07 ***
    tl_ei_total                         rho=+0.102  p=2.01e-07 ***
    tl_ei_zone_b                        rho=+0.095  p=1.44e-06 ***
    tl_max_kurt                         rho=+0.081  p=4.19e-05 ***
    burst_prf_mean_hz                   rho=-0.077  p=8.64e-05 ***
    burst_n_pulses_mean                 rho=-0.073  p=2.03e-04 ***
    ipi_median_us                       rho=+0.071  p=3.15e-04 ***
    prf_hz                              rho=-0.071  p=3.15e-04 ***
    ipi_mean_us                         rho=+0.063  p=1.46e-03 **

  RF AUC (5-fold): 1.000 ± 0.000

  Top RF feature importances:
    tl_ei_zone_a                        importance=0.179
    tl_max_kurt_zone_a                  importance=0.166
    tl_total_pulses                     importance=0.146
    tl_n_active_targets                 importance=0.146
    tl_ei_total                         importance=0.126
    prf_hz                              importance=0.025
    pulse_width_std_us                  importance=0.022
    ipi_median_us                       importance=0.022
    pulse_energy_mean                   importance=0.021
    pulse_width_mean_us                 importance=0.018

============================================================
  TINNITUS (n+=217, n-=2353, total=2570)
============================================================

  Top pulse features correlated with tinnitus severity:
    tl_n_active_targets                 rho=-0.279  p=3.72e-47 ***
    tl_ei_zone_b                        rho=+0.100  p=3.54e-07 ***
    tl_total_pulses                     rho=-0.077  p=8.46e-05 ***
    tl_ei_total                         rho=-0.076  p=1.14e-04 ***
    pulse_energy_total                  rho=+0.070  p=3.59e-04 ***
    noise_mean                          rho=+0.067  p=6.27e-04 ***
    noise_std                           rho=+0.066  p=7.97e-04 ***
    total_pulse_duration_us             rho=+0.055  p=5.20e-03 **
    pulse_energy_mean                   rho=+0.053  p=7.04e-03 **
    duty_cycle                          rho=+0.046  p=1.99e-02 *

  RF AUC (5-fold): 0.994 ± 0.003

  Top RF feature importances:
    tl_n_active_targets                 importance=0.153
    tl_ei_zone_b                        importance=0.145
    tl_total_pulses                     importance=0.137
    tl_ei_total                         importance=0.119
    tl_max_kurt_zone_b                  importance=0.113
    tl_max_kurt                         importance=0.108
    tl_max_kurt_zone_a                  importance=0.021
    tl_ei_zone_a                        importance=0.020
    pulse_energy_mean                   importance=0.013
    pulse_width_mean_us                 importance=0.013

  Severity regression R² (on positive samples): 1.000

============================================================
  ZONE COMPARISON (A=2, B=2524)
============================================================
  n_pulses                        A=     942.5  B=     508.7  p=5.47e-02 
  pulse_width_mean_us             A=       1.4  B=       3.5  p=1.44e-02 *
  prf_hz                          A=   35000.0  B=  209341.5  p=1.27e-02 *
  duty_cycle                      A=       0.0  B=       0.0  p=1.57e-02 *
  pulse_bw_mean_hz                A=  444266.2  B=  457198.2  p=8.70e-01 
  modulation_index                A=       0.9  B=       0.7  p=4.67e-01 
  n_bursts                        A=      73.5  B=       3.4  p=1.29e-02 *
  burst_duration_mean_us          A=     364.5  B=     957.6  p=1.71e-02 *
  pulse_energy_total              A=     767.9  B=       4.6  p=1.44e-02 *

Results saved to results/ml_v3/pulse_ml_results.json
