
Traceback (most recent call last):
  File "/home/tyler/projects/rf-monitor/sentinel.py", line 768, in <module>
    main()
  File "/home/tyler/projects/rf-monitor/sentinel.py", line 753, in main
    run_sentinel(
  File "/home/tyler/projects/rf-monitor/sentinel.py", line 455, in run_sentinel
    if iq_dir_size_mb() < iq_budget_mb:
       ^^^^^^^^^^^^^^^^
  File "/home/tyler/projects/rf-monitor/sentinel.py", line 175, in iq_dir_size_mb
    total += f.stat().st_size
             ^^^^^^^^
  File "/usr/lib/python3.12/pathlib.py", line 842, in stat
    return os.stat(self, follow_symlinks=follow_symlinks)
           ^^^^^^^^^^^^^^^^^^^^^^^^^^^^^^^^^^^^^^^^^^^^^^
FileNotFoundError: [Errno 2] No such file or directory: 'captures/20260313_101236_644.0MHz.iq'
Traceback (most recent call last):
  File "/home/tyler/projects/rf-monitor/sentinel.py", line 768, in <module>
    main()
  File "/home/tyler/projects/rf-monitor/sentinel.py", line 753, in main
    run_sentinel(
  File "/home/tyler/projects/rf-monitor/sentinel.py", line 455, in run_sentinel
    if iq_dir_size_mb() < iq_budget_mb:
       ^^^^^^^^^^^^^^^^
  File "/home/tyler/projects/rf-monitor/sentinel.py", line 175, in iq_dir_size_mb
    total += f.stat().st_size
             ^^^^^^^^
  File "/usr/lib/python3.12/pathlib.py", line 842, in stat
    return os.stat(self, follow_symlinks=follow_symlinks)
           ^^^^^^^^^^^^^^^^^^^^^^^^^^^^^^^^^^^^^^^^^^^^^^
FileNotFoundError: [Errno 2] No such file or directory: 'captures/sentinel_623MHz_050328.iq'
